<?xml version="1.0" encoding="UTF-8"?>
<testng-results ignored="0" total="3" passed="3" failed="0" skipped="0">
  <reporter-output>
  </reporter-output>
  <suite started-at="2021-08-08T23:42:38 SGT" name="Default suite" finished-at="2021-08-08T23:43:41 SGT" duration-ms="62998">
    <groups>
      <group name="cucumber">
        <method signature="AbstractTestNGCucumberTests.runScenario(io.cucumber.testng.PickleWrapper,io.cucumber.testng.FeatureWrapper)[pri:0, instance:runner.TestRunner@368247b9]" name="runScenario" class="io.cucumber.testng.AbstractTestNGCucumberTests"/>
      </group> <!-- cucumber -->
    </groups>
    <test started-at="2021-08-08T23:42:38 SGT" name="Default test" finished-at="2021-08-08T23:43:41 SGT" duration-ms="62998">
      <class name="runner.TestRunner">
        <test-method is-config="true" signature="setUpClass()[pri:0, instance:runner.TestRunner@368247b9]" started-at="2021-08-08T23:42:38 SGT" name="setUpClass" finished-at="2021-08-08T23:42:39 SGT" duration-ms="991" status="PASS">
          <reporter-output>
          </reporter-output>
        </test-method> <!-- setUpClass -->
        <test-method signature="runScenario(io.cucumber.testng.PickleWrapper,io.cucumber.testng.FeatureWrapper)[pri:0, instance:runner.TestRunner@368247b9]" started-at="2021-08-08T23:42:39 SGT" name="runScenario" description="Runs Cucumber Scenarios" data-provider="scenarios" finished-at="2021-08-08T23:42:58 SGT" duration-ms="19244" status="PASS">
          <params>
            <param index="0">
              <value>
                <![CDATA["Test arithmetic operation for several numbers 1,4.5,999999999,0 and operators +"]]>
              </value>
            </param>
            <param index="1">
              <value>
                <![CDATA["Optional[Test online calculator scenarios - Advanced Arithmetic]"]]>
              </value>
            </param>
          </params>
          <reporter-output>
          </reporter-output>
        </test-method> <!-- runScenario -->
        <test-method signature="runScenario(io.cucumber.testng.PickleWrapper,io.cucumber.testng.FeatureWrapper)[pri:0, instance:runner.TestRunner@368247b9]" started-at="2021-08-08T23:42:58 SGT" name="runScenario" description="Runs Cucumber Scenarios" data-provider="scenarios" finished-at="2021-08-08T23:43:14 SGT" duration-ms="16379" status="PASS">
          <params>
            <param index="0">
              <value>
                <![CDATA["Test arithmetic operation (+) for numbers 1 and 9"]]>
              </value>
            </param>
            <param index="1">
              <value>
                <![CDATA["Optional[Test online calculator scenarios - Basic Arithmetic]"]]>
              </value>
            </param>
          </params>
          <reporter-output>
          </reporter-output>
        </test-method> <!-- runScenario -->
        <test-method signature="runScenario(io.cucumber.testng.PickleWrapper,io.cucumber.testng.FeatureWrapper)[pri:0, instance:runner.TestRunner@368247b9]" started-at="2021-08-08T23:43:14 SGT" name="runScenario" description="Runs Cucumber Scenarios" data-provider="scenarios" finished-at="2021-08-08T23:43:36 SGT" duration-ms="21799" status="PASS">
          <params>
            <param index="0">
              <value>
                <![CDATA["Test arithmetic operation (+) for numbers 9 and 1"]]>
              </value>
            </param>
            <param index="1">
              <value>
                <![CDATA["Optional[Test online calculator scenarios - Basic Arithmetic]"]]>
              </value>
            </param>
          </params>
          <reporter-output>
          </reporter-output>
        </test-method> <!-- runScenario -->
        <test-method is-config="true" signature="tearDownClass()[pri:0, instance:runner.TestRunner@368247b9]" started-at="2021-08-08T23:43:36 SGT" name="tearDownClass" finished-at="2021-08-08T23:43:41 SGT" duration-ms="4543" status="PASS">
          <reporter-output>
          </reporter-output>
        </test-method> <!-- tearDownClass -->
      </class> <!-- runner.TestRunner -->
    </test> <!-- Default test -->
  </suite> <!-- Default suite -->
</testng-results>
