<?xml version="1.0" encoding="UTF-8"?>
<testng-results ignored="0" total="33" passed="33" failed="0" skipped="0">
  <reporter-output>
  </reporter-output>
  <suite started-at="2021-08-08T22:39:48 SGT" name="Default suite" finished-at="2021-08-08T22:50:34 SGT" duration-ms="645727">
    <groups>
      <group name="cucumber">
        <method signature="AbstractTestNGCucumberTests.runScenario(io.cucumber.testng.PickleWrapper,io.cucumber.testng.FeatureWrapper)[pri:0, instance:runner.TestRunner@368247b9]" name="runScenario" class="io.cucumber.testng.AbstractTestNGCucumberTests"/>
      </group> <!-- cucumber -->
    </groups>
    <test started-at="2021-08-08T22:39:48 SGT" name="Default test" finished-at="2021-08-08T22:50:34 SGT" duration-ms="645727">
      <class name="runner.TestRunner">
        <test-method is-config="true" signature="setUpClass()[pri:0, instance:runner.TestRunner@368247b9]" started-at="2021-08-08T22:39:49 SGT" name="setUpClass" finished-at="2021-08-08T22:39:50 SGT" duration-ms="1053" status="PASS">
          <reporter-output>
          </reporter-output>
        </test-method> <!-- setUpClass -->
        <test-method signature="runScenario(io.cucumber.testng.PickleWrapper,io.cucumber.testng.FeatureWrapper)[pri:0, instance:runner.TestRunner@368247b9]" started-at="2021-08-08T22:39:50 SGT" name="runScenario" description="Runs Cucumber Scenarios" data-provider="scenarios" finished-at="2021-08-08T22:40:09 SGT" duration-ms="19704" status="PASS">
          <params>
            <param index="0">
              <value>
                <![CDATA["Test arithmetic operation for several numbers 1,4.5,999999999,0 and operators +"]]>
              </value>
            </param>
            <param index="1">
              <value>
                <![CDATA["Optional[Test online calculator scenarios]"]]>
              </value>
            </param>
          </params>
          <reporter-output>
          </reporter-output>
        </test-method> <!-- runScenario -->
        <test-method signature="runScenario(io.cucumber.testng.PickleWrapper,io.cucumber.testng.FeatureWrapper)[pri:0, instance:runner.TestRunner@368247b9]" started-at="2021-08-08T22:40:09 SGT" name="runScenario" description="Runs Cucumber Scenarios" data-provider="scenarios" finished-at="2021-08-08T22:40:28 SGT" duration-ms="18755" status="PASS">
          <params>
            <param index="0">
              <value>
                <![CDATA["Test arithmetic operation for several numbers 1,4.5,999999999,0 and operators -"]]>
              </value>
            </param>
            <param index="1">
              <value>
                <![CDATA["Optional[Test online calculator scenarios]"]]>
              </value>
            </param>
          </params>
          <reporter-output>
          </reporter-output>
        </test-method> <!-- runScenario -->
        <test-method signature="runScenario(io.cucumber.testng.PickleWrapper,io.cucumber.testng.FeatureWrapper)[pri:0, instance:runner.TestRunner@368247b9]" started-at="2021-08-08T22:40:28 SGT" name="runScenario" description="Runs Cucumber Scenarios" data-provider="scenarios" finished-at="2021-08-08T22:40:44 SGT" duration-ms="16313" status="PASS">
          <params>
            <param index="0">
              <value>
                <![CDATA["Test arithmetic operation for several numbers 1,4.5,999999999 and operators *"]]>
              </value>
            </param>
            <param index="1">
              <value>
                <![CDATA["Optional[Test online calculator scenarios]"]]>
              </value>
            </param>
          </params>
          <reporter-output>
          </reporter-output>
        </test-method> <!-- runScenario -->
        <test-method signature="runScenario(io.cucumber.testng.PickleWrapper,io.cucumber.testng.FeatureWrapper)[pri:0, instance:runner.TestRunner@368247b9]" started-at="2021-08-08T22:40:44 SGT" name="runScenario" description="Runs Cucumber Scenarios" data-provider="scenarios" finished-at="2021-08-08T22:41:04 SGT" duration-ms="19775" status="PASS">
          <params>
            <param index="0">
              <value>
                <![CDATA["Test arithmetic operation for several numbers 1,4.5,999999999 and operators /"]]>
              </value>
            </param>
            <param index="1">
              <value>
                <![CDATA["Optional[Test online calculator scenarios]"]]>
              </value>
            </param>
          </params>
          <reporter-output>
          </reporter-output>
        </test-method> <!-- runScenario -->
        <test-method signature="runScenario(io.cucumber.testng.PickleWrapper,io.cucumber.testng.FeatureWrapper)[pri:0, instance:runner.TestRunner@368247b9]" started-at="2021-08-08T22:41:04 SGT" name="runScenario" description="Runs Cucumber Scenarios" data-provider="scenarios" finished-at="2021-08-08T22:41:26 SGT" duration-ms="21873" status="PASS">
          <params>
            <param index="0">
              <value>
                <![CDATA["Test arithmetic operation for several numbers 23,12.05,3#,6.99#,0.56789 and operators +,-,*,/"]]>
              </value>
            </param>
            <param index="1">
              <value>
                <![CDATA["Optional[Test online calculator scenarios]"]]>
              </value>
            </param>
          </params>
          <reporter-output>
          </reporter-output>
        </test-method> <!-- runScenario -->
        <test-method signature="runScenario(io.cucumber.testng.PickleWrapper,io.cucumber.testng.FeatureWrapper)[pri:0, instance:runner.TestRunner@368247b9]" started-at="2021-08-08T22:41:26 SGT" name="runScenario" description="Runs Cucumber Scenarios" data-provider="scenarios" finished-at="2021-08-08T22:41:48 SGT" duration-ms="21545" status="PASS">
          <params>
            <param index="0">
              <value>
                <![CDATA["Test arithmetic operation (+) for numbers 1 and 9"]]>
              </value>
            </param>
            <param index="1">
              <value>
                <![CDATA["Optional[Test online calculator scenarios]"]]>
              </value>
            </param>
          </params>
          <reporter-output>
          </reporter-output>
        </test-method> <!-- runScenario -->
        <test-method signature="runScenario(io.cucumber.testng.PickleWrapper,io.cucumber.testng.FeatureWrapper)[pri:0, instance:runner.TestRunner@368247b9]" started-at="2021-08-08T22:41:48 SGT" name="runScenario" description="Runs Cucumber Scenarios" data-provider="scenarios" finished-at="2021-08-08T22:42:04 SGT" duration-ms="16145" status="PASS">
          <params>
            <param index="0">
              <value>
                <![CDATA["Test arithmetic operation (+) for numbers 9 and 1"]]>
              </value>
            </param>
            <param index="1">
              <value>
                <![CDATA["Optional[Test online calculator scenarios]"]]>
              </value>
            </param>
          </params>
          <reporter-output>
          </reporter-output>
        </test-method> <!-- runScenario -->
        <test-method signature="runScenario(io.cucumber.testng.PickleWrapper,io.cucumber.testng.FeatureWrapper)[pri:0, instance:runner.TestRunner@368247b9]" started-at="2021-08-08T22:42:04 SGT" name="runScenario" description="Runs Cucumber Scenarios" data-provider="scenarios" finished-at="2021-08-08T22:42:25 SGT" duration-ms="21546" status="PASS">
          <params>
            <param index="0">
              <value>
                <![CDATA["Test arithmetic operation (+) for numbers 23456 and 7890"]]>
              </value>
            </param>
            <param index="1">
              <value>
                <![CDATA["Optional[Test online calculator scenarios]"]]>
              </value>
            </param>
          </params>
          <reporter-output>
          </reporter-output>
        </test-method> <!-- runScenario -->
        <test-method signature="runScenario(io.cucumber.testng.PickleWrapper,io.cucumber.testng.FeatureWrapper)[pri:0, instance:runner.TestRunner@368247b9]" started-at="2021-08-08T22:42:25 SGT" name="runScenario" description="Runs Cucumber Scenarios" data-provider="scenarios" finished-at="2021-08-08T22:42:45 SGT" duration-ms="20001" status="PASS">
          <params>
            <param index="0">
              <value>
                <![CDATA["Test arithmetic operation (+) for numbers 999999999999 and 111111111111"]]>
              </value>
            </param>
            <param index="1">
              <value>
                <![CDATA["Optional[Test online calculator scenarios]"]]>
              </value>
            </param>
          </params>
          <reporter-output>
          </reporter-output>
        </test-method> <!-- runScenario -->
        <test-method signature="runScenario(io.cucumber.testng.PickleWrapper,io.cucumber.testng.FeatureWrapper)[pri:0, instance:runner.TestRunner@368247b9]" started-at="2021-08-08T22:42:45 SGT" name="runScenario" description="Runs Cucumber Scenarios" data-provider="scenarios" finished-at="2021-08-08T22:43:02 SGT" duration-ms="16390" status="PASS">
          <params>
            <param index="0">
              <value>
                <![CDATA["Test arithmetic operation (+) for numbers 0.12345678 and 123456.789"]]>
              </value>
            </param>
            <param index="1">
              <value>
                <![CDATA["Optional[Test online calculator scenarios]"]]>
              </value>
            </param>
          </params>
          <reporter-output>
          </reporter-output>
        </test-method> <!-- runScenario -->
        <test-method signature="runScenario(io.cucumber.testng.PickleWrapper,io.cucumber.testng.FeatureWrapper)[pri:0, instance:runner.TestRunner@368247b9]" started-at="2021-08-08T22:43:02 SGT" name="runScenario" description="Runs Cucumber Scenarios" data-provider="scenarios" finished-at="2021-08-08T22:43:21 SGT" duration-ms="19697" status="PASS">
          <params>
            <param index="0">
              <value>
                <![CDATA["Test arithmetic operation (+) for numbers 3# and 2#"]]>
              </value>
            </param>
            <param index="1">
              <value>
                <![CDATA["Optional[Test online calculator scenarios]"]]>
              </value>
            </param>
          </params>
          <reporter-output>
          </reporter-output>
        </test-method> <!-- runScenario -->
        <test-method signature="runScenario(io.cucumber.testng.PickleWrapper,io.cucumber.testng.FeatureWrapper)[pri:0, instance:runner.TestRunner@368247b9]" started-at="2021-08-08T22:43:21 SGT" name="runScenario" description="Runs Cucumber Scenarios" data-provider="scenarios" finished-at="2021-08-08T22:43:42 SGT" duration-ms="20207" status="PASS">
          <params>
            <param index="0">
              <value>
                <![CDATA["Test arithmetic operation (+) for numbers wrong?>" and input#!"]]>
              </value>
            </param>
            <param index="1">
              <value>
                <![CDATA["Optional[Test online calculator scenarios]"]]>
              </value>
            </param>
          </params>
          <reporter-output>
          </reporter-output>
        </test-method> <!-- runScenario -->
        <test-method signature="runScenario(io.cucumber.testng.PickleWrapper,io.cucumber.testng.FeatureWrapper)[pri:0, instance:runner.TestRunner@368247b9]" started-at="2021-08-08T22:43:42 SGT" name="runScenario" description="Runs Cucumber Scenarios" data-provider="scenarios" finished-at="2021-08-08T22:43:58 SGT" duration-ms="16508" status="PASS">
          <params>
            <param index="0">
              <value>
                <![CDATA["Test arithmetic operation (-) for numbers 1 and 9"]]>
              </value>
            </param>
            <param index="1">
              <value>
                <![CDATA["Optional[Test online calculator scenarios]"]]>
              </value>
            </param>
          </params>
          <reporter-output>
          </reporter-output>
        </test-method> <!-- runScenario -->
        <test-method signature="runScenario(io.cucumber.testng.PickleWrapper,io.cucumber.testng.FeatureWrapper)[pri:0, instance:runner.TestRunner@368247b9]" started-at="2021-08-08T22:43:58 SGT" name="runScenario" description="Runs Cucumber Scenarios" data-provider="scenarios" finished-at="2021-08-08T22:44:11 SGT" duration-ms="13248" status="PASS">
          <params>
            <param index="0">
              <value>
                <![CDATA["Test arithmetic operation (-) for numbers 9 and 1"]]>
              </value>
            </param>
            <param index="1">
              <value>
                <![CDATA["Optional[Test online calculator scenarios]"]]>
              </value>
            </param>
          </params>
          <reporter-output>
          </reporter-output>
        </test-method> <!-- runScenario -->
        <test-method signature="runScenario(io.cucumber.testng.PickleWrapper,io.cucumber.testng.FeatureWrapper)[pri:0, instance:runner.TestRunner@368247b9]" started-at="2021-08-08T22:44:11 SGT" name="runScenario" description="Runs Cucumber Scenarios" data-provider="scenarios" finished-at="2021-08-08T22:44:32 SGT" duration-ms="20771" status="PASS">
          <params>
            <param index="0">
              <value>
                <![CDATA["Test arithmetic operation (-) for numbers 23456 and 7890"]]>
              </value>
            </param>
            <param index="1">
              <value>
                <![CDATA["Optional[Test online calculator scenarios]"]]>
              </value>
            </param>
          </params>
          <reporter-output>
          </reporter-output>
        </test-method> <!-- runScenario -->
        <test-method signature="runScenario(io.cucumber.testng.PickleWrapper,io.cucumber.testng.FeatureWrapper)[pri:0, instance:runner.TestRunner@368247b9]" started-at="2021-08-08T22:44:32 SGT" name="runScenario" description="Runs Cucumber Scenarios" data-provider="scenarios" finished-at="2021-08-08T22:44:52 SGT" duration-ms="20194" status="PASS">
          <params>
            <param index="0">
              <value>
                <![CDATA["Test arithmetic operation (-) for numbers 999999999999 and 111111111111"]]>
              </value>
            </param>
            <param index="1">
              <value>
                <![CDATA["Optional[Test online calculator scenarios]"]]>
              </value>
            </param>
          </params>
          <reporter-output>
          </reporter-output>
        </test-method> <!-- runScenario -->
        <test-method signature="runScenario(io.cucumber.testng.PickleWrapper,io.cucumber.testng.FeatureWrapper)[pri:0, instance:runner.TestRunner@368247b9]" started-at="2021-08-08T22:44:52 SGT" name="runScenario" description="Runs Cucumber Scenarios" data-provider="scenarios" finished-at="2021-08-08T22:45:08 SGT" duration-ms="15302" status="PASS">
          <params>
            <param index="0">
              <value>
                <![CDATA["Test arithmetic operation (-) for numbers 0.12345678 and 123456.789"]]>
              </value>
            </param>
            <param index="1">
              <value>
                <![CDATA["Optional[Test online calculator scenarios]"]]>
              </value>
            </param>
          </params>
          <reporter-output>
          </reporter-output>
        </test-method> <!-- runScenario -->
        <test-method signature="runScenario(io.cucumber.testng.PickleWrapper,io.cucumber.testng.FeatureWrapper)[pri:0, instance:runner.TestRunner@368247b9]" started-at="2021-08-08T22:45:08 SGT" name="runScenario" description="Runs Cucumber Scenarios" data-provider="scenarios" finished-at="2021-08-08T22:45:28 SGT" duration-ms="20172" status="PASS">
          <params>
            <param index="0">
              <value>
                <![CDATA["Test arithmetic operation (-) for numbers 3# and 2#"]]>
              </value>
            </param>
            <param index="1">
              <value>
                <![CDATA["Optional[Test online calculator scenarios]"]]>
              </value>
            </param>
          </params>
          <reporter-output>
          </reporter-output>
        </test-method> <!-- runScenario -->
        <test-method signature="runScenario(io.cucumber.testng.PickleWrapper,io.cucumber.testng.FeatureWrapper)[pri:0, instance:runner.TestRunner@368247b9]" started-at="2021-08-08T22:45:28 SGT" name="runScenario" description="Runs Cucumber Scenarios" data-provider="scenarios" finished-at="2021-08-08T22:45:48 SGT" duration-ms="20411" status="PASS">
          <params>
            <param index="0">
              <value>
                <![CDATA["Test arithmetic operation (-) for numbers wrong?>" and input#!"]]>
              </value>
            </param>
            <param index="1">
              <value>
                <![CDATA["Optional[Test online calculator scenarios]"]]>
              </value>
            </param>
          </params>
          <reporter-output>
          </reporter-output>
        </test-method> <!-- runScenario -->
        <test-method signature="runScenario(io.cucumber.testng.PickleWrapper,io.cucumber.testng.FeatureWrapper)[pri:0, instance:runner.TestRunner@368247b9]" started-at="2021-08-08T22:45:48 SGT" name="runScenario" description="Runs Cucumber Scenarios" data-provider="scenarios" finished-at="2021-08-08T22:46:08 SGT" duration-ms="20041" status="PASS">
          <params>
            <param index="0">
              <value>
                <![CDATA["Test arithmetic operation (*) for numbers 1 and 9"]]>
              </value>
            </param>
            <param index="1">
              <value>
                <![CDATA["Optional[Test online calculator scenarios]"]]>
              </value>
            </param>
          </params>
          <reporter-output>
          </reporter-output>
        </test-method> <!-- runScenario -->
        <test-method signature="runScenario(io.cucumber.testng.PickleWrapper,io.cucumber.testng.FeatureWrapper)[pri:0, instance:runner.TestRunner@368247b9]" started-at="2021-08-08T22:46:08 SGT" name="runScenario" description="Runs Cucumber Scenarios" data-provider="scenarios" finished-at="2021-08-08T22:46:29 SGT" duration-ms="20462" status="PASS">
          <params>
            <param index="0">
              <value>
                <![CDATA["Test arithmetic operation (*) for numbers 9 and 1"]]>
              </value>
            </param>
            <param index="1">
              <value>
                <![CDATA["Optional[Test online calculator scenarios]"]]>
              </value>
            </param>
          </params>
          <reporter-output>
          </reporter-output>
        </test-method> <!-- runScenario -->
        <test-method signature="runScenario(io.cucumber.testng.PickleWrapper,io.cucumber.testng.FeatureWrapper)[pri:0, instance:runner.TestRunner@368247b9]" started-at="2021-08-08T22:46:29 SGT" name="runScenario" description="Runs Cucumber Scenarios" data-provider="scenarios" finished-at="2021-08-08T22:46:49 SGT" duration-ms="20356" status="PASS">
          <params>
            <param index="0">
              <value>
                <![CDATA["Test arithmetic operation (*) for numbers 23456 and 7890"]]>
              </value>
            </param>
            <param index="1">
              <value>
                <![CDATA["Optional[Test online calculator scenarios]"]]>
              </value>
            </param>
          </params>
          <reporter-output>
          </reporter-output>
        </test-method> <!-- runScenario -->
        <test-method signature="runScenario(io.cucumber.testng.PickleWrapper,io.cucumber.testng.FeatureWrapper)[pri:0, instance:runner.TestRunner@368247b9]" started-at="2021-08-08T22:46:49 SGT" name="runScenario" description="Runs Cucumber Scenarios" data-provider="scenarios" finished-at="2021-08-08T22:47:10 SGT" duration-ms="21245" status="PASS">
          <params>
            <param index="0">
              <value>
                <![CDATA["Test arithmetic operation (*) for numbers 999999999999 and 111111111111"]]>
              </value>
            </param>
            <param index="1">
              <value>
                <![CDATA["Optional[Test online calculator scenarios]"]]>
              </value>
            </param>
          </params>
          <reporter-output>
          </reporter-output>
        </test-method> <!-- runScenario -->
        <test-method signature="runScenario(io.cucumber.testng.PickleWrapper,io.cucumber.testng.FeatureWrapper)[pri:0, instance:runner.TestRunner@368247b9]" started-at="2021-08-08T22:47:10 SGT" name="runScenario" description="Runs Cucumber Scenarios" data-provider="scenarios" finished-at="2021-08-08T22:47:31 SGT" duration-ms="20451" status="PASS">
          <params>
            <param index="0">
              <value>
                <![CDATA["Test arithmetic operation (*) for numbers 0.12345678 and 123456.789"]]>
              </value>
            </param>
            <param index="1">
              <value>
                <![CDATA["Optional[Test online calculator scenarios]"]]>
              </value>
            </param>
          </params>
          <reporter-output>
          </reporter-output>
        </test-method> <!-- runScenario -->
        <test-method signature="runScenario(io.cucumber.testng.PickleWrapper,io.cucumber.testng.FeatureWrapper)[pri:0, instance:runner.TestRunner@368247b9]" started-at="2021-08-08T22:47:31 SGT" name="runScenario" description="Runs Cucumber Scenarios" data-provider="scenarios" finished-at="2021-08-08T22:47:49 SGT" duration-ms="18027" status="PASS">
          <params>
            <param index="0">
              <value>
                <![CDATA["Test arithmetic operation (*) for numbers 3# and 2#"]]>
              </value>
            </param>
            <param index="1">
              <value>
                <![CDATA["Optional[Test online calculator scenarios]"]]>
              </value>
            </param>
          </params>
          <reporter-output>
          </reporter-output>
        </test-method> <!-- runScenario -->
        <test-method signature="runScenario(io.cucumber.testng.PickleWrapper,io.cucumber.testng.FeatureWrapper)[pri:0, instance:runner.TestRunner@368247b9]" started-at="2021-08-08T22:47:49 SGT" name="runScenario" description="Runs Cucumber Scenarios" data-provider="scenarios" finished-at="2021-08-08T22:48:10 SGT" duration-ms="21342" status="PASS">
          <params>
            <param index="0">
              <value>
                <![CDATA["Test arithmetic operation (*) for numbers wrong?>" and input#!"]]>
              </value>
            </param>
            <param index="1">
              <value>
                <![CDATA["Optional[Test online calculator scenarios]"]]>
              </value>
            </param>
          </params>
          <reporter-output>
          </reporter-output>
        </test-method> <!-- runScenario -->
        <test-method signature="runScenario(io.cucumber.testng.PickleWrapper,io.cucumber.testng.FeatureWrapper)[pri:0, instance:runner.TestRunner@368247b9]" started-at="2021-08-08T22:48:10 SGT" name="runScenario" description="Runs Cucumber Scenarios" data-provider="scenarios" finished-at="2021-08-08T22:48:27 SGT" duration-ms="17000" status="PASS">
          <params>
            <param index="0">
              <value>
                <![CDATA["Test arithmetic operation (/) for numbers 1 and 9"]]>
              </value>
            </param>
            <param index="1">
              <value>
                <![CDATA["Optional[Test online calculator scenarios]"]]>
              </value>
            </param>
          </params>
          <reporter-output>
          </reporter-output>
        </test-method> <!-- runScenario -->
        <test-method signature="runScenario(io.cucumber.testng.PickleWrapper,io.cucumber.testng.FeatureWrapper)[pri:0, instance:runner.TestRunner@368247b9]" started-at="2021-08-08T22:48:27 SGT" name="runScenario" description="Runs Cucumber Scenarios" data-provider="scenarios" finished-at="2021-08-08T22:48:48 SGT" duration-ms="20539" status="PASS">
          <params>
            <param index="0">
              <value>
                <![CDATA["Test arithmetic operation (/) for numbers 9 and 1"]]>
              </value>
            </param>
            <param index="1">
              <value>
                <![CDATA["Optional[Test online calculator scenarios]"]]>
              </value>
            </param>
          </params>
          <reporter-output>
          </reporter-output>
        </test-method> <!-- runScenario -->
        <test-method signature="runScenario(io.cucumber.testng.PickleWrapper,io.cucumber.testng.FeatureWrapper)[pri:0, instance:runner.TestRunner@368247b9]" started-at="2021-08-08T22:48:48 SGT" name="runScenario" description="Runs Cucumber Scenarios" data-provider="scenarios" finished-at="2021-08-08T22:49:08 SGT" duration-ms="20331" status="PASS">
          <params>
            <param index="0">
              <value>
                <![CDATA["Test arithmetic operation (/) for numbers 23456 and 7890"]]>
              </value>
            </param>
            <param index="1">
              <value>
                <![CDATA["Optional[Test online calculator scenarios]"]]>
              </value>
            </param>
          </params>
          <reporter-output>
          </reporter-output>
        </test-method> <!-- runScenario -->
        <test-method signature="runScenario(io.cucumber.testng.PickleWrapper,io.cucumber.testng.FeatureWrapper)[pri:0, instance:runner.TestRunner@368247b9]" started-at="2021-08-08T22:49:08 SGT" name="runScenario" description="Runs Cucumber Scenarios" data-provider="scenarios" finished-at="2021-08-08T22:49:29 SGT" duration-ms="21483" status="PASS">
          <params>
            <param index="0">
              <value>
                <![CDATA["Test arithmetic operation (/) for numbers 999999999999 and 111111111111"]]>
              </value>
            </param>
            <param index="1">
              <value>
                <![CDATA["Optional[Test online calculator scenarios]"]]>
              </value>
            </param>
          </params>
          <reporter-output>
          </reporter-output>
        </test-method> <!-- runScenario -->
        <test-method signature="runScenario(io.cucumber.testng.PickleWrapper,io.cucumber.testng.FeatureWrapper)[pri:0, instance:runner.TestRunner@368247b9]" started-at="2021-08-08T22:49:29 SGT" name="runScenario" description="Runs Cucumber Scenarios" data-provider="scenarios" finished-at="2021-08-08T22:49:50 SGT" duration-ms="20176" status="PASS">
          <params>
            <param index="0">
              <value>
                <![CDATA["Test arithmetic operation (/) for numbers 0.12345678 and 123456.789"]]>
              </value>
            </param>
            <param index="1">
              <value>
                <![CDATA["Optional[Test online calculator scenarios]"]]>
              </value>
            </param>
          </params>
          <reporter-output>
          </reporter-output>
        </test-method> <!-- runScenario -->
        <test-method signature="runScenario(io.cucumber.testng.PickleWrapper,io.cucumber.testng.FeatureWrapper)[pri:0, instance:runner.TestRunner@368247b9]" started-at="2021-08-08T22:49:50 SGT" name="runScenario" description="Runs Cucumber Scenarios" data-provider="scenarios" finished-at="2021-08-08T22:50:11 SGT" duration-ms="20891" status="PASS">
          <params>
            <param index="0">
              <value>
                <![CDATA["Test arithmetic operation (/) for numbers 3# and 2#"]]>
              </value>
            </param>
            <param index="1">
              <value>
                <![CDATA["Optional[Test online calculator scenarios]"]]>
              </value>
            </param>
          </params>
          <reporter-output>
          </reporter-output>
        </test-method> <!-- runScenario -->
        <test-method signature="runScenario(io.cucumber.testng.PickleWrapper,io.cucumber.testng.FeatureWrapper)[pri:0, instance:runner.TestRunner@368247b9]" started-at="2021-08-08T22:50:11 SGT" name="runScenario" description="Runs Cucumber Scenarios" data-provider="scenarios" finished-at="2021-08-08T22:50:26 SGT" duration-ms="15268" status="PASS">
          <params>
            <param index="0">
              <value>
                <![CDATA["Test arithmetic operation (/) for numbers wrong?>" and input#!"]]>
              </value>
            </param>
            <param index="1">
              <value>
                <![CDATA["Optional[Test online calculator scenarios]"]]>
              </value>
            </param>
          </params>
          <reporter-output>
          </reporter-output>
        </test-method> <!-- runScenario -->
        <test-method is-config="true" signature="tearDownClass()[pri:0, instance:runner.TestRunner@368247b9]" started-at="2021-08-08T22:50:26 SGT" name="tearDownClass" finished-at="2021-08-08T22:50:34 SGT" duration-ms="8399" status="PASS">
          <reporter-output>
          </reporter-output>
        </test-method> <!-- tearDownClass -->
      </class> <!-- runner.TestRunner -->
    </test> <!-- Default test -->
  </suite> <!-- Default suite -->
</testng-results>
